Performing C SOURCE FILE Test CMAKE_HAVE_LIBC_PTHREAD failed with the following output:
Change Dir: /home/habiba/Desktop/lab3/cmake-build-debug/CMakeFiles/CMakeTmp

Run Build Command(s):/snap/clion/189/bin/ninja/linux/ninja cmTC_11e93 && [1/2] Building C object CMakeFiles/cmTC_11e93.dir/src.c.o
[2/2] Linking C executable cmTC_11e93
[31mFAILED: [0mcmTC_11e93 
: && /usr/bin/cc   CMakeFiles/cmTC_11e93.dir/src.c.o -o cmTC_11e93   && :
CMakeFiles/cmTC_11e93.dir/src.c.o: In function `main':
src.c:(.text+0x3e): undefined reference to `pthread_create'
src.c:(.text+0x4a): undefined reference to `pthread_detach'
src.c:(.text+0x56): undefined reference to `pthread_cancel'
src.c:(.text+0x67): undefined reference to `pthread_join'
src.c:(.text+0x7b): undefined reference to `pthread_atfork'
collect2: error: ld returned 1 exit status
ninja: build stopped: subcommand failed.


Source file was:
#include <pthread.h>

static void* test_func(void* data)
{
  return data;
}

int main(void)
{
  pthread_t thread;
  pthread_create(&thread, NULL, test_func, NULL);
  pthread_detach(thread);
  pthread_cancel(thread);
  pthread_join(thread, NULL);
  pthread_atfork(NULL, NULL, NULL);
  pthread_exit(NULL);

  return 0;
}

